#
# A fatal error has been detected by the Java Runtime Environment:
#
#  EXCEPTION_ACCESS_VIOLATION (0xc0000005) at pc=0x5ed2aed8, pid=3632, tid=3636
#
# JRE version: 6.0_17-b04
# Java VM: Java HotSpot(TM) Client VM (14.3-b01 mixed mode windows-x86 )
# Problematic frame:
# C  0x5ed2aed8
#
# If you would like to submit a bug report, please visit:
#   http://java.sun.com/webapps/bugreport/crash.jsp
# The crash happened outside the Java Virtual Machine in native code.
# See problematic frame for where to report the bug.
#

---------------  T H R E A D  ---------------

Current thread (0x07176000):  JavaThread "main" [_thread_in_native, id=3636, stack(0x00430000,0x00c30000)]

siginfo: ExceptionCode=0xc0000005, reading address 0x00000564

Registers:
EAX=0x00000000, EBX=0x00000000, ECX=0x7ffdf000, EDX=0x5edac7e4
ESP=0x00c266c8, EBP=0x00c266e4, ESI=0x00000000, EDI=0x00000000
EIP=0x5ed2aed8, EFLAGS=0x00210246

Top of Stack: (sp=0x00c266c8)
0x00c266c8:   7fe10000 000b51d8 00000000 000b51d8
0x00c266d8:   7fe10000 00c266e4 5ed1c430 00c266fc
0x00c266e8:   5ed1bb91 00000000 00000000 5edac6e0
0x00c266f8:   00000000 00c2672c 5ed1aec6 00010000
0x00c26708:   00000000 00000000 00000000 5ed0a14a
0x00c26718:   00000000 00000000 0015ccb8 5ed0a354
0x00c26728:   00c26740 00c2674c 7c9011a7 5ed00000
0x00c26738:   00000000 00000001 0015ccb8 00000000 

Instructions: (pc=0x5ed2aed8)
0x5ed2aec8:   8b ff 55 8b ec 83 ec 10 53 56 8b 75 08 57 33 ff
0x5ed2aed8:   39 be 64 05 00 00 74 0d 8d 96 cc 1c 00 00 8b ce 


Stack: [0x00430000,0x00c30000],  sp=0x00c266c8,  free space=8153k
Native frames: (J=compiled Java code, j=interpreted, Vv=VM code, C=native code)
C  0x5ed2aed8
C  0x5ed1bb91
C  0x5ed1aec6
C  [ntdll.dll+0x11a7]
C  [ntdll.dll+0x23f31]
C  [kernel32.dll+0x1ca3e]
C  [kernel32.dll+0x1cab6]
C  [MSVCR90.dll+0x221cc]
C  [MSVCR90.dll+0x22411]
C  [MSVCR90.dll+0x22466]
C  [mcr.dll+0x97a87]
C  [mcr.dll+0x9052f]
C  [m_dispatcher.dll+0xa05c]
C  [m_dispatcher.dll+0xa581]
C  [m_dispatcher.dll+0x13739]
C  [m_dispatcher.dll+0xa05c]
C  [m_dispatcher.dll+0xa581]
C  [m_interpreter.dll+0x1ec64]
C  [m_interpreter.dll+0x1eb25]
C  [m_interpreter.dll+0x1ea90]
C  [m_interpreter.dll+0x35c1d3]
C  [iqm.dll+0x80a45]
C  [iqm.dll+0x816fa]
C  [nativejmi.dll+0x352de]
C  [nativejmi.dll+0x64fad]
C  [iqm.dll+0x682a5]
C  [iqm.dll+0x5c655]
C  [iqm.dll+0x4d6f0]
C  [nativejmi.dll+0x5c960]
C  [nativejmi.dll+0x5ccc3]
C  [nativejmi.dll+0x5d8b0]
C  [nativejmi.dll+0x5daa5]
C  [nativejmi.dll+0x5db53]
j  com.mathworks.jmi.NativeMatlab.SendMatlabMessage(Ljava/lang/Object;)Ljava/lang/Object;+0
j  com.mathworks.jmi.NativeMatlab.sendMatlabMessage(Ljava/lang/Object;)Ljava/lang/Object;+22
j  com.mathworks.jmi.MatlabLooper.sendMatlabMessage(Lcom/mathworks/services/message/MWMessage;)Ljava/lang/Object;+20
j  com.mathworks.jmi.Matlab.mtFevalConsoleOutput(Ljava/lang/String;[Ljava/lang/Object;I)Ljava/lang/Object;+58
j  com.mathworks.mde.desk.MLDesktop$9.run()V+14
j  com.mathworks.jmi.NativeMatlab.dispatchMTRequests(Z)V+57
v  ~StubRoutines::call_stub
V  [jvm.dll+0xecf9c]
V  [jvm.dll+0x1741d1]
V  [jvm.dll+0xed01d]
V  [jvm.dll+0xf5be5]
V  [jvm.dll+0xfd932]
C  [jmi.dll+0x1e462]
C  [jmi.dll+0x266e2]
C  [jmi.dll+0x26763]
C  [m_interpreter.dll+0x53877]
C  [m_interpreter.dll+0x53632]
C  [m_interpreter.dll+0x600f9]
C  [m_interpreter.dll+0x62a9c]
C  [m_interpreter.dll+0x59ca9]
C  [m_dispatcher.dll+0x9e93]
C  [m_dispatcher.dll+0xa6b6]
C  [m_interpreter.dll+0x46ef7]
C  [m_interpreter.dll+0x5ccc1]
C  [m_interpreter.dll+0x6270d]
C  [m_interpreter.dll+0x35cf74]
C  [m_interpreter.dll+0x6b599]
C  [m_interpreter.dll+0x682b3]
C  [m_interpreter.dll+0x64cd3]
C  [m_interpreter.dll+0x53877]
C  [m_interpreter.dll+0x53632]
C  [m_interpreter.dll+0x600f9]
C  [m_interpreter.dll+0x62a9c]
C  [m_interpreter.dll+0x59ca9]
C  [m_dispatcher.dll+0x9e93]
C  [m_dispatcher.dll+0xa6b6]
C  [m_interpreter.dll+0x63abd]
C  [m_interpreter.dll+0x64ed7]
C  [m_interpreter.dll+0x53877]
C  [m_interpreter.dll+0x53632]
C  [m_interpreter.dll+0x600f9]
C  [m_interpreter.dll+0x62a9c]
C  [m_interpreter.dll+0x59ca9]
C  [m_dispatcher.dll+0x9e93]
C  [m_dispatcher.dll+0xa6b6]
C  [m_interpreter.dll+0x63abd]
C  [m_interpreter.dll+0xc5fdc]
C  [m_interpreter.dll+0x66478]
C  [m_interpreter.dll+0x53877]
C  [m_interpreter.dll+0x53632]
C  [m_interpreter.dll+0x600f9]
C  [m_interpreter.dll+0x62a9c]
C  [m_interpreter.dll+0x59ca9]
C  [m_dispatcher.dll+0x9e93]
C  [m_dispatcher.dll+0xa6b6]
C  [m_interpreter.dll+0x63abd]
C  [m_interpreter.dll+0xc5fdc]
C  [m_interpreter.dll+0x66478]
C  [m_interpreter.dll+0x53877]
C  [m_interpreter.dll+0x53632]
C  [m_interpreter.dll+0x600f9]
C  [m_interpreter.dll+0x62a9c]
C  [m_interpreter.dll+0x59ca9]
C  [m_dispatcher.dll+0x9e93]
C  [m_dispatcher.dll+0xa6b6]
C  [m_interpreter.dll+0xd3649]
C  [m_interpreter.dll+0xe19bf]
...<more frames>...

Java frames: (J=compiled Java code, j=interpreted, Vv=VM code)
j  com.mathworks.jmi.NativeMatlab.SendMatlabMessage(Ljava/lang/Object;)Ljava/lang/Object;+0
j  com.mathworks.jmi.NativeMatlab.sendMatlabMessage(Ljava/lang/Object;)Ljava/lang/Object;+22
j  com.mathworks.jmi.MatlabLooper.sendMatlabMessage(Lcom/mathworks/services/message/MWMessage;)Ljava/lang/Object;+20
j  com.mathworks.jmi.Matlab.mtFevalConsoleOutput(Ljava/lang/String;[Ljava/lang/Object;I)Ljava/lang/Object;+58
j  com.mathworks.mde.desk.MLDesktop$9.run()V+14
j  com.mathworks.jmi.NativeMatlab.dispatchMTRequests(Z)V+57
v  ~StubRoutines::call_stub

---------------  P R O C E S S  ---------------

Java Threads: ( => current thread )
  0x0c452400 JavaThread "Foxtrot Multi Worker Thread Runner #1" daemon [_thread_blocked, id=3012, stack(0x27230000,0x272b0000)]
  0x0b2f1c00 JavaThread "Timer-1" daemon [_thread_blocked, id=3348, stack(0x0f320000,0x0f3a0000)]
  0x0c3dac00 JavaThread "TimerQueue" daemon [_thread_blocked, id=356, stack(0x0f010000,0x0f090000)]
  0x0c301000 JavaThread "AWT-EventQueue-0" [_thread_blocked, id=4036, stack(0x0d400000,0x0d480000)]
  0x0c1c3000 JavaThread "AWT-Shutdown" [_thread_blocked, id=3992, stack(0x0d270000,0x0d2f0000)]
  0x0c1f8000 JavaThread "com.google.common.base.internal.Finalizer" daemon [_thread_blocked, id=3248, stack(0x0d2f0000,0x0d370000)]
  0x0bb26000 JavaThread "Timer-0" [_thread_blocked, id=3884, stack(0x0bfd0000,0x0c050000)]
  0x0b9c7400 JavaThread "AWT-Windows" daemon [_thread_in_native, id=3868, stack(0x0be80000,0x0bf00000)]
  0x0bb31400 JavaThread "Java2D Disposer" daemon [_thread_blocked, id=468, stack(0x0bd80000,0x0be00000)]
  0x0b9a0000 JavaThread "EventMgr Dispatcher" daemon [_thread_in_native, id=2840, stack(0x048f0000,0x050f0000)]
  0x07209800 JavaThread "Low Memory Detector" daemon [_thread_blocked, id=976, stack(0x0a5b0000,0x0a630000)]
  0x07203800 JavaThread "CompilerThread0" daemon [_thread_blocked, id=1984, stack(0x09db0000,0x0a5b0000)]
  0x07202400 JavaThread "Attach Listener" daemon [_thread_blocked, id=3852, stack(0x09d30000,0x09db0000)]
  0x071f1c00 JavaThread "Finalizer" daemon [_thread_blocked, id=3208, stack(0x09cb0000,0x09d30000)]
  0x071ed400 JavaThread "Reference Handler" daemon [_thread_blocked, id=3848, stack(0x09c30000,0x09cb0000)]
=>0x07176000 JavaThread "main" [_thread_in_native, id=3636, stack(0x00430000,0x00c30000)]

Other Threads:
  0x071ea400 VMThread [stack: 0x09430000,0x09c30000] [id=2176]
  0x07215800 WatcherThread [stack: 0x0a630000,0x0ae30000] [id=2464]

VM state:not at safepoint (normal execution)

VM Mutex/Monitor currently owned by a thread: None

Heap
 def new generation   total 14784K, used 4065K [0x10010000, 0x11010000, 0x12010000)
  eden space 13184K,  29% used [0x10010000, 0x103e0cc8, 0x10cf0000)
  from space 1600K,   9% used [0x10e80000, 0x10ea7818, 0x11010000)
  to   space 1600K,   0% used [0x10cf0000, 0x10cf0000, 0x10e80000)
 tenured generation   total 49152K, used 26438K [0x12010000, 0x15010000, 0x18010000)
   the space 49152K,  53% used [0x12010000, 0x139e1880, 0x139e1a00, 0x15010000)
 compacting perm gen  total 32768K, used 31470K [0x18010000, 0x1a010000, 0x1e010000)
   the space 32768K,  96% used [0x18010000, 0x19ecb958, 0x19ecba00, 0x1a010000)
No shared spaces configured.

Dynamic libraries:
0x00400000 - 0x0042b000 	C:\Program Files\MATLAB\R2012a\bin\win32\MATLAB.exe
0x7c900000 - 0x7c9b0000 	C:\WINDOWS\system32\ntdll.dll
0x7c800000 - 0x7c8f4000 	C:\WINDOWS\system32\kernel32.dll
0x7ef10000 - 0x7efc0000 	C:\Program Files\MATLAB\R2012a\bin\win32\libut.dll
0x7dce0000 - 0x7dd54000 	C:\Program Files\MATLAB\R2012a\bin\win32\libmwi18n.dll
0x10000000 - 0x10009000 	C:\Program Files\MATLAB\R2012a\bin\win32\libmwresource_core.dll
0x78480000 - 0x7850e000 	C:\WINDOWS\WinSxS\x86_Microsoft.VC90.CRT_1fc8b3b9a1e18e3b_9.0.30729.4148_x-ww_d495ac4e\MSVCP90.dll
0x78520000 - 0x785c3000 	C:\WINDOWS\WinSxS\x86_Microsoft.VC90.CRT_1fc8b3b9a1e18e3b_9.0.30729.4148_x-ww_d495ac4e\MSVCR90.dll
0x736b0000 - 0x736d3000 	C:\Program Files\MATLAB\R2012a\bin\win32\boost_filesystem-vc90-mt-1_44.dll
0x73f70000 - 0x73f77000 	C:\Program Files\MATLAB\R2012a\bin\win32\boost_system-vc90-mt-1_44.dll
0x77dd0000 - 0x77e6b000 	C:\WINDOWS\system32\ADVAPI32.dll
0x77e70000 - 0x77f01000 	C:\WINDOWS\system32\RPCRT4.dll
0x73550000 - 0x7356f000 	C:\Program Files\MATLAB\R2012a\bin\win32\LIBEXPAT.dll
0x72eb0000 - 0x73035000 	C:\Program Files\MATLAB\R2012a\bin\win32\icuin44.dll
0x7ea10000 - 0x7eb2f000 	C:\Program Files\MATLAB\R2012a\bin\win32\icuuc44.dll
0x00c30000 - 0x01a71000 	C:\Program Files\MATLAB\R2012a\bin\win32\icudt44.dll
0x002b0000 - 0x00387000 	C:\Program Files\MATLAB\R2012a\bin\win32\libmwfl.dll
0x73cd0000 - 0x73f3b000 	C:\Program Files\MATLAB\R2012a\bin\win32\libmwMATLAB_res.dll
0x003b0000 - 0x003be000 	C:\Program Files\MATLAB\R2012a\bin\win32\boost_date_time-vc90-mt-1_44.dll
0x73c80000 - 0x73c8f000 	C:\Program Files\MATLAB\R2012a\bin\win32\boost_signals-vc90-mt-1_44.dll
0x003e0000 - 0x003ee000 	C:\Program Files\MATLAB\R2012a\bin\win32\boost_thread-vc90-mt-1_44.dll
0x76c90000 - 0x76cb8000 	C:\WINDOWS\system32\imagehlp.dll
0x77c10000 - 0x77c68000 	C:\WINDOWS\system32\msvcrt.dll
0x76bf0000 - 0x76bfb000 	C:\WINDOWS\system32\PSAPI.DLL
0x01a80000 - 0x01a8f000 	C:\Program Files\MATLAB\R2012a\bin\win32\icuio44.dll
0x01aa0000 - 0x01b41000 	C:\WINDOWS\system32\dbghelp.dll
0x77c00000 - 0x77c08000 	C:\WINDOWS\system32\VERSION.dll
0x77d40000 - 0x77dd0000 	C:\WINDOWS\system32\USER32.dll
0x77f10000 - 0x77f56000 	C:\WINDOWS\system32\GDI32.dll
0x754e0000 - 0x756e6000 	C:\Program Files\MATLAB\R2012a\bin\win32\libmwservices.dll
0x7db50000 - 0x7dbda000 	C:\Program Files\MATLAB\R2012a\bin\win32\libmx.dll
0x73730000 - 0x73744000 	C:\Program Files\MATLAB\R2012a\bin\win32\zlib1.dll
0x01b80000 - 0x01b99000 	C:\Program Files\MATLAB\R2012a\bin\win32\libmwmfl_scalar.dll
0x7df40000 - 0x7df76000 	C:\Program Files\MATLAB\R2012a\bin\win32\mpath.dll
0x72990000 - 0x72d26000 	C:\Program Files\MATLAB\R2012a\bin\win32\mlutil.dll
0x7d670000 - 0x7d6cc000 	C:\Program Files\MATLAB\R2012a\bin\win32\xmlcore.dll
0x71cf0000 - 0x71ea2000 	C:\Program Files\MATLAB\R2012a\bin\win32\xerces-c_2_7.dll
0x71ab0000 - 0x71ac7000 	C:\WINDOWS\system32\WS2_32.dll
0x71aa0000 - 0x71aa8000 	C:\WINDOWS\system32\WS2HELP.dll
0x01bf0000 - 0x01c05000 	C:\Program Files\MATLAB\R2012a\bin\win32\libmwMATLAB_settings_res.dll
0x01c20000 - 0x01c59000 	C:\Program Files\MATLAB\R2012a\bin\win32\boost_serialization-vc90-mt-1_44.dll
0x01c70000 - 0x01ca3000 	C:\Program Files\MATLAB\R2012a\bin\win32\tbb.dll
0x7c9c0000 - 0x7d1d4000 	C:\WINDOWS\system32\SHELL32.dll
0x77f60000 - 0x77fd6000 	C:\WINDOWS\system32\SHLWAPI.dll
0x01cc0000 - 0x01d57000 	C:\WINDOWS\system32\COMCTL32.dll
0x763b0000 - 0x763f9000 	C:\WINDOWS\system32\COMDLG32.dll
0x01d60000 - 0x01db4000 	C:\WINDOWS\system32\NETAPI32.dll
0x774e0000 - 0x7761c000 	C:\WINDOWS\system32\ole32.dll
0x77120000 - 0x771ac000 	C:\WINDOWS\system32\OLEAUT32.dll
0x7f270000 - 0x7f396000 	C:\Program Files\MATLAB\R2012a\bin\win32\mcr.dll
0x01dd0000 - 0x0206f000 	C:\Program Files\MATLAB\R2012a\bin\win32\iqm.dll
0x7b920000 - 0x7be2d000 	C:\Program Files\MATLAB\R2012a\bin\win32\m_interpreter.dll
0x02090000 - 0x020ac000 	C:\Program Files\MATLAB\R2012a\bin\win32\libmex.dll
0x7f630000 - 0x7f6aa000 	C:\Program Files\MATLAB\R2012a\bin\win32\m_dispatcher.dll
0x7f130000 - 0x7f1ec000 	C:\Program Files\MATLAB\R2012a\bin\win32\boost_regex-vc90-mt-1_44.dll
0x7d8b0000 - 0x7d90c000 	C:\Program Files\MATLAB\R2012a\bin\win32\profiler.dll
0x020f0000 - 0x0230a000 	C:\Program Files\MATLAB\R2012a\bin\win32\libmwmathutil.dll
0x734f0000 - 0x73513000 	C:\Program Files\MATLAB\R2012a\bin\win32\libmwmathrng.dll
0x7c390000 - 0x7c427000 	C:\Program Files\MATLAB\R2012a\bin\win32\libmwmathcore.dll
0x7e000000 - 0x7e04b000 	C:\Program Files\MATLAB\R2012a\bin\win32\libmwspmatrix.dll
0x7dbf0000 - 0x7dc3b000 	C:\Program Files\MATLAB\R2012a\bin\win32\libmwcholmod.dll
0x02360000 - 0x0236a000 	C:\Program Files\MATLAB\R2012a\bin\win32\libmwamd.dll
0x02380000 - 0x0238a000 	C:\Program Files\MATLAB\R2012a\bin\win32\libmwcolamd.dll
0x023a0000 - 0x023b1000 	C:\Program Files\MATLAB\R2012a\bin\win32\libmwblas.dll
0x023d0000 - 0x023de000 	C:\Program Files\MATLAB\R2012a\bin\win32\libmwbinder.dll
0x023f0000 - 0x023f9000 	C:\Program Files\MATLAB\R2012a\bin\win32\libmwompwrapper.dll
0x02410000 - 0x0244a000 	C:\Program Files\MATLAB\R2012a\bin\win32\libmwlapack.dll
0x73bf0000 - 0x73c05000 	C:\Program Files\MATLAB\R2012a\bin\win32\m_pcodeio.dll
0x7e080000 - 0x7e0ca000 	C:\Program Files\MATLAB\R2012a\bin\win32\m_ir.dll
0x70000000 - 0x70539000 	C:\Program Files\MATLAB\R2012a\bin\win32\m_parser.dll
0x02490000 - 0x024a2000 	C:\Program Files\MATLAB\R2012a\bin\win32\ir_xfmr.dll
0x72390000 - 0x72527000 	C:\Program Files\MATLAB\R2012a\bin\win32\mcos.dll
0x024d0000 - 0x024da000 	C:\Program Files\MATLAB\R2012a\bin\win32\mtok.dll
0x024f0000 - 0x02514000 	C:\Program Files\MATLAB\R2012a\bin\win32\m_pcodegen.dll
0x7e1c0000 - 0x7e1ea000 	C:\Program Files\MATLAB\R2012a\bin\win32\libmwbridge.dll
0x02540000 - 0x025d2000 	C:\Program Files\MATLAB\R2012a\bin\win32\udd.dll
0x7e6f0000 - 0x7e7fd000 	C:\Program Files\MATLAB\R2012a\bin\win32\libmwgui.dll
0x73c10000 - 0x73c22000 	C:\Program Files\MATLAB\R2012a\bin\win32\graphics_util.dll
0x02610000 - 0x02c4c000 	C:\Program Files\MATLAB\R2012a\bin\win32\hg.dll
0x02c60000 - 0x02ca2000 	C:\Program Files\MATLAB\R2012a\bin\win32\libmat.dll
0x75d10000 - 0x75ef5000 	C:\Program Files\MATLAB\R2012a\bin\win32\hdf5dll.dll
0x7d9d0000 - 0x7da51000 	C:\Program Files\MATLAB\R2012a\bin\win32\jmi.dll
0x02ce0000 - 0x02ceb000 	C:\Program Files\MATLAB\R2012a\bin\win32\nativejava_services.dll
0x732b0000 - 0x732e2000 	C:\Program Files\MATLAB\R2012a\bin\win32\libmwhardcopy.dll
0x7de70000 - 0x7deaf000 	C:\Program Files\MATLAB\R2012a\bin\win32\libuij.dll
0x02d20000 - 0x02e76000 	C:\Program Files\MATLAB\R2012a\bin\win32\hgdatatypes.dll
0x7d2e0000 - 0x7d385000 	C:\Program Files\MATLAB\R2012a\bin\win32\hgutils.dll
0x02ea0000 - 0x02f26000 	C:\Program Files\MATLAB\R2012a\bin\win32\udd_mi.dll
0x02f40000 - 0x02f6f000 	C:\Program Files\MATLAB\R2012a\bin\win32\libmwgbtutils.dll
0x02f80000 - 0x02f93000 	C:\Program Files\MATLAB\R2012a\bin\win32\libmwgbt.dll
0x74dc0000 - 0x75057000 	C:\Program Files\MATLAB\R2012a\bin\win32\uiw.dll
0x02fc0000 - 0x02fcd000 	C:\Program Files\MATLAB\R2012a\bin\win32\uinone.dll
0x71b20000 - 0x71b32000 	C:\WINDOWS\system32\MPR.dll
0x785e0000 - 0x7897c000 	C:\WINDOWS\WinSxS\x86_Microsoft.VC90.MFC_1fc8b3b9a1e18e3b_9.0.30729.4148_x-ww_a57c1f53\mfc90.dll
0x76380000 - 0x76385000 	C:\WINDOWS\system32\MSIMG32.dll
0x02fe0000 - 0x03006000 	C:\WINDOWS\system32\WINSPOOL.DRV
0x73710000 - 0x73728000 	C:\Program Files\MATLAB\R2012a\bin\win32\mwoles05.DLL
0x7dc40000 - 0x7dc94000 	C:\Program Files\MATLAB\R2012a\bin\win32\comcli.dll
0x78e20000 - 0x78e4b000 	C:\WINDOWS\WinSxS\x86_Microsoft.VC90.ATL_1fc8b3b9a1e18e3b_9.0.30729.4148_x-ww_353599c2\ATL90.DLL
0x03030000 - 0x03039000 	C:\Program Files\MATLAB\R2012a\bin\win32\mlautoregister.dll
0x03050000 - 0x0305d000 	C:\Program Files\MATLAB\R2012a\bin\win32\boost_iostreams-vc90-mt-1_44.dll
0x773d0000 - 0x774d2000 	C:\WINDOWS\WinSxS\x86_Microsoft.Windows.Common-Controls_6595b64144ccf1df_6.0.2600.2180_x-ww_a84f1ff9\comctl32.dll
0x03b80000 - 0x03bb8000 	C:\WINDOWS\system32\UxTheme.dll
0x03bd0000 - 0x03bdd000 	C:\WINDOWS\WinSxS\x86_Microsoft.VC90.MFCLOC_1fc8b3b9a1e18e3b_9.0.30729.4148_x-ww_15fc9313\MFC90ENU.DLL
0x03c10000 - 0x03c2d000 	C:\Program Files\MATLAB\R2012a\bin\win32\tbbmalloc.dll
0x74b30000 - 0x74dbb000 	C:\Program Files\MATLAB\R2012a\sys\java\jre\win32\jre\bin\client\jvm.dll
0x76b40000 - 0x76b6d000 	C:\WINDOWS\system32\WINMM.dll
0x7d910000 - 0x7d966000 	C:\Program Files\MATLAB\R2012a\bin\win32\MSVCR71.dll
0x76d60000 - 0x76d79000 	C:\WINDOWS\system32\iphlpapi.dll
0x74290000 - 0x74294000 	C:\WINDOWS\system32\icmp.Dll
0x07160000 - 0x0716c000 	C:\Program Files\MATLAB\R2012a\sys\java\jre\win32\jre\bin\verify.dll
0x73570000 - 0x7358f000 	C:\Program Files\MATLAB\R2012a\sys\java\jre\win32\jre\bin\java.dll
0x73f40000 - 0x73f48000 	C:\Program Files\MATLAB\R2012a\sys\java\jre\win32\jre\bin\hpi.dll
0x072a0000 - 0x072af000 	C:\Program Files\MATLAB\R2012a\sys\java\jre\win32\jre\bin\zip.dll
0x7daf0000 - 0x7db44000 	C:\Program Files\MATLAB\R2012a\sys\java\jre\win32\jre\bin\fontmanager.dll
0x0ae30000 - 0x0af7a000 	C:\Program Files\MATLAB\R2012a\sys\java\jre\win32\jre\bin\awt.dll
0x76390000 - 0x763ad000 	C:\WINDOWS\system32\IMM32.dll
0x0bf00000 - 0x0bfbc000 	C:\Program Files\MATLAB\R2012a\bin\win32\nativejmi.dll
0x73fc0000 - 0x73fc8000 	C:\Program Files\MATLAB\R2012a\bin\win32\nativeservices.dll
0x0d060000 - 0x0d06a000 	C:\Program Files\MATLAB\R2012a\bin\win32\nativelmgr.dll
0x0be00000 - 0x0be08000 	C:\Program Files\MATLAB\R2012a\sys\java\jre\win32\jre\bin\sunmscapi.dll
0x77a80000 - 0x77b14000 	C:\WINDOWS\system32\CRYPT32.dll
0x77b20000 - 0x77b32000 	C:\WINDOWS\system32\MSASN1.dll
0x0be10000 - 0x0be17000 	C:\Program Files\MATLAB\R2012a\bin\win32\nativewebproxy.dll
0x4d4f0000 - 0x4d548000 	C:\WINDOWS\system32\WINHTTP.dll
0x76ee0000 - 0x76f1c000 	C:\WINDOWS\system32\RASAPI32.DLL
0x76e90000 - 0x76ea2000 	C:\WINDOWS\system32\rasman.dll
0x76eb0000 - 0x76edf000 	C:\WINDOWS\system32\TAPI32.dll

VM Arguments:
jvm_args: -Xss512k -XX:PermSize=32m -Xms64m -XX:NewRatio=3 -XX:MaxPermSize=96m -Xmx128m -XX:MaxDirectMemorySize=1200000000 -Dsun.java2d.noddraw=true -Dsun.awt.nopixfmt=true -Xshare:off -Xrs -Dsun.awt.disableMixing=true -Djava.library.path=C:\Program Files\MATLAB\R2012a\bin\win32 vfprintf abort 
java_command: <unknown>
Launcher Type: generic

Environment Variables:
PATH=C:\WINDOWS\system32;C:\WINDOWS;C:\WINDOWS\System32\Wbem;c:\RIDE\Bin;C:\Program Files\MATLAB\R2012a\runtime\win32;C:\Program Files\MATLAB\R2012a\bin;C:\PROGRA~1\Tcl\bin
USERNAME=ED
OS=Windows_NT
PROCESSOR_IDENTIFIER=x86 Family 15 Model 6 Stepping 4, GenuineIntel



---------------  S Y S T E M  ---------------

OS: Windows XP Build 2600 Service Pack 2

CPU:total 2 (2 cores per cpu, 1 threads per core) family 15 model 6 stepping 4, cmov, cx8, fxsr, mmx, sse, sse2, sse3

Memory: 4k page, physical 2086312k(1404756k free), swap 4024336k(3544356k free)

vm_info: Java HotSpot(TM) Client VM (14.3-b01) for windows-x86 JRE (1.6.0_17-b04), built on Oct 11 2009 00:52:06 by "java_re" with MS VC++ 7.1

time: Sun Oct 05 07:40:34 2014
elapsed time: 168 seconds

